<?xml version="1.0" encoding="UTF-8"?>
<!-- Generated by org.testng.reporters.JUnitReportReporter -->
<testsuite hostname="DESKTOP-1H5GCMD" failures="0" tests="1" name="org.testRunners.TestRunner" time="27.821" errors="0" timestamp="2023-08-16T10:04:36 IST" skipped="0">
  <testcase classname="org.testRunners.TestRunner" name="runScenario" time="27.821"/>
  <system-out/>
</testsuite> <!-- org.testRunners.TestRunner -->
