<?xml version="1.0" encoding="UTF-8"?>
<!-- Generated by org.testng.reporters.JUnitReportReporter -->
<testsuite hostname="DESKTOP-1H5GCMD" failures="0" tests="8" name="org.testRunners.TestRunner" time="126.412" errors="0" timestamp="2023-09-07T21:13:13 IST" skipped="0">
  <testcase classname="org.testRunners.TestRunner" name="runScenario" time="12.767"/>
  <system-out/>
  <testcase classname="org.testRunners.TestRunner" name="runScenario" time="16.204"/>
  <system-out/>
  <testcase classname="org.testRunners.TestRunner" name="runScenario" time="14.042"/>
  <system-out/>
  <testcase classname="org.testRunners.TestRunner" name="runScenario" time="18.165"/>
  <system-out/>
  <testcase classname="org.testRunners.TestRunner" name="runScenario" time="17.018"/>
  <system-out/>
  <testcase classname="org.testRunners.TestRunner" name="runScenario" time="14.894"/>
  <system-out/>
  <testcase classname="org.testRunners.TestRunner" name="runScenario" time="16.947"/>
  <system-out/>
  <testcase classname="org.testRunners.TestRunner" name="runScenario" time="16.375"/>
  <system-out/>
</testsuite> <!-- org.testRunners.TestRunner -->
