<?xml version="1.0" encoding="UTF-8"?>
<!-- Generated by org.testng.reporters.JUnitReportReporter -->
<testsuite hostname="DESKTOP-1H5GCMD" failures="0" tests="3" name="org.testRunners.TestRunner" time="53.333" errors="0" timestamp="2023-08-28T16:42:55 IST" skipped="0">
  <testcase classname="org.testRunners.TestRunner" name="runScenario" time="15.586"/>
  <system-out/>
  <testcase classname="org.testRunners.TestRunner" name="runScenario" time="16.744"/>
  <system-out/>
  <testcase classname="org.testRunners.TestRunner" name="runScenario" time="21.003"/>
  <system-out/>
</testsuite> <!-- org.testRunners.TestRunner -->
